This is pdfTeX, Version 3.14159265-2.6-1.40.20 (TeX Live 2019) (preloaded format=pdflatex 2019.6.22)  28 JUN 2019 15:48
entering extended mode
 restricted \write18 enabled.
 %&-line parsing enabled.
**report.tex
(./report.tex
LaTeX2e <2018-12-01>
(/home/swaroop/pd/texlive/2019/texmf-dist/tex/latex/base/report.cls
Document Class: report 2018/09/03 v1.4i Standard LaTeX document class
(/home/swaroop/pd/texlive/2019/texmf-dist/tex/latex/base/size12.clo
File: size12.clo 2018/09/03 v1.4i Standard LaTeX file (size option)
)
\c@part=\count80
\c@chapter=\count81
\c@section=\count82
\c@subsection=\count83
\c@subsubsection=\count84
\c@paragraph=\count85
\c@subparagraph=\count86
\c@figure=\count87
\c@table=\count88
\abovecaptionskip=\skip41
\belowcaptionskip=\skip42
\bibindent=\dimen102
)
(/home/swaroop/pd/texlive/2019/texmf-dist/tex/latex/amsmath/amsmath.sty
Package: amsmath 2018/12/01 v2.17b AMS math features
\@mathmargin=\skip43

For additional information on amsmath, use the `?' option.
(/home/swaroop/pd/texlive/2019/texmf-dist/tex/latex/amsmath/amstext.sty
Package: amstext 2000/06/29 v2.01 AMS text

(/home/swaroop/pd/texlive/2019/texmf-dist/tex/latex/amsmath/amsgen.sty
File: amsgen.sty 1999/11/30 v2.0 generic functions
\@emptytoks=\toks14
\ex@=\dimen103
))
(/home/swaroop/pd/texlive/2019/texmf-dist/tex/latex/amsmath/amsbsy.sty
Package: amsbsy 1999/11/29 v1.2d Bold Symbols
\pmbraise@=\dimen104
)
(/home/swaroop/pd/texlive/2019/texmf-dist/tex/latex/amsmath/amsopn.sty
Package: amsopn 2016/03/08 v2.02 operator names
)
\inf@bad=\count89
LaTeX Info: Redefining \frac on input line 223.
\uproot@=\count90
\leftroot@=\count91
LaTeX Info: Redefining \overline on input line 385.
\classnum@=\count92
\DOTSCASE@=\count93
LaTeX Info: Redefining \ldots on input line 482.
LaTeX Info: Redefining \dots on input line 485.
LaTeX Info: Redefining \cdots on input line 606.
\Mathstrutbox@=\box27
\strutbox@=\box28
\big@size=\dimen105
LaTeX Font Info:    Redeclaring font encoding OML on input line 729.
LaTeX Font Info:    Redeclaring font encoding OMS on input line 730.
\macc@depth=\count94
\c@MaxMatrixCols=\count95
\dotsspace@=\muskip10
\c@parentequation=\count96
\dspbrk@lvl=\count97
\tag@help=\toks15
\row@=\count98
\column@=\count99
\maxfields@=\count100
\andhelp@=\toks16
\eqnshift@=\dimen106
\alignsep@=\dimen107
\tagshift@=\dimen108
\tagwidth@=\dimen109
\totwidth@=\dimen110
\lineht@=\dimen111
\@envbody=\toks17
\multlinegap=\skip44
\multlinetaggap=\skip45
\mathdisplay@stack=\toks18
LaTeX Info: Redefining \[ on input line 2844.
LaTeX Info: Redefining \] on input line 2845.
)
(/home/swaroop/pd/texlive/2019/texmf-dist/tex/latex/amsfonts/amssymb.sty
Package: amssymb 2013/01/14 v3.01 AMS font symbols

(/home/swaroop/pd/texlive/2019/texmf-dist/tex/latex/amsfonts/amsfonts.sty
Package: amsfonts 2013/01/14 v3.01 Basic AMSFonts support
\symAMSa=\mathgroup4
\symAMSb=\mathgroup5
LaTeX Font Info:    Overwriting math alphabet `\mathfrak' in version `bold'
(Font)                  U/euf/m/n --> U/euf/b/n on input line 106.
))
(/home/swaroop/pd/texlive/2019/texmf-dist/tex/latex/biblatex/biblatex.sty
Package: biblatex 2018/11/02 v3.12 programmable bibliographies (PK/MW)

(/home/swaroop/pd/texlive/2019/texmf-dist/tex/generic/oberdiek/pdftexcmds.sty
Package: pdftexcmds 2018/09/10 v0.29 Utility functions of pdfTeX for LuaTeX (HO
)

(/home/swaroop/pd/texlive/2019/texmf-dist/tex/generic/oberdiek/infwarerr.sty
Package: infwarerr 2016/05/16 v1.4 Providing info/warning/error messages (HO)
)
(/home/swaroop/pd/texlive/2019/texmf-dist/tex/generic/oberdiek/ifluatex.sty
Package: ifluatex 2016/05/16 v1.4 Provides the ifluatex switch (HO)
Package ifluatex Info: LuaTeX not detected.
)
(/home/swaroop/pd/texlive/2019/texmf-dist/tex/generic/oberdiek/ltxcmds.sty
Package: ltxcmds 2016/05/16 v1.23 LaTeX kernel commands for general use (HO)
)
(/home/swaroop/pd/texlive/2019/texmf-dist/tex/generic/oberdiek/ifpdf.sty
Package: ifpdf 2018/09/07 v3.3 Provides the ifpdf switch
)
Package pdftexcmds Info: LuaTeX not detected.
Package pdftexcmds Info: \pdf@primitive is available.
Package pdftexcmds Info: \pdf@ifprimitive is available.
Package pdftexcmds Info: \pdfdraftmode found.
)
(/home/swaroop/pd/texlive/2019/texmf-dist/tex/latex/etoolbox/etoolbox.sty
Package: etoolbox 2018/08/19 v2.5f e-TeX tools for LaTeX (JAW)
\etb@tempcnta=\count101
)
(/home/swaroop/pd/texlive/2019/texmf-dist/tex/latex/graphics/keyval.sty
Package: keyval 2014/10/28 v1.15 key=value parser (DPC)
\KV@toks@=\toks19
)
(/home/swaroop/pd/texlive/2019/texmf-dist/tex/latex/oberdiek/kvoptions.sty
Package: kvoptions 2016/05/16 v3.12 Key value format for package options (HO)

(/home/swaroop/pd/texlive/2019/texmf-dist/tex/generic/oberdiek/kvsetkeys.sty
Package: kvsetkeys 2016/05/16 v1.17 Key value parser (HO)

(/home/swaroop/pd/texlive/2019/texmf-dist/tex/generic/oberdiek/etexcmds.sty
Package: etexcmds 2016/05/16 v1.6 Avoid name clashes with e-TeX commands (HO)
)))
(/home/swaroop/pd/texlive/2019/texmf-dist/tex/latex/logreq/logreq.sty
Package: logreq 2010/08/04 v1.0 xml request logger
\lrq@indent=\count102

(/home/swaroop/pd/texlive/2019/texmf-dist/tex/latex/logreq/logreq.def
File: logreq.def 2010/08/04 v1.0 logreq spec v1.0
))
(/home/swaroop/pd/texlive/2019/texmf-dist/tex/latex/base/ifthen.sty
Package: ifthen 2014/09/29 v1.1c Standard LaTeX ifthen package (DPC)
)
(/home/swaroop/pd/texlive/2019/texmf-dist/tex/latex/url/url.sty
\Urlmuskip=\muskip11
Package: url 2013/09/16  ver 3.4  Verb mode for urls, etc.
)
\c@tabx@nest=\count103
\c@listtotal=\count104
\c@listcount=\count105
\c@liststart=\count106
\c@liststop=\count107
\c@citecount=\count108
\c@citetotal=\count109
\c@multicitecount=\count110
\c@multicitetotal=\count111
\c@instcount=\count112
\c@maxnames=\count113
\c@minnames=\count114
\c@maxitems=\count115
\c@minitems=\count116
\c@citecounter=\count117
\c@maxcitecounter=\count118
\c@savedcitecounter=\count119
\c@uniquelist=\count120
\c@uniquename=\count121
\c@refsection=\count122
\c@refsegment=\count123
\c@maxextratitle=\count124
\c@maxextratitleyear=\count125
\c@maxextraname=\count126
\c@maxextradate=\count127
\c@maxextraalpha=\count128
\c@abbrvpenalty=\count129
\c@highnamepenalty=\count130
\c@lownamepenalty=\count131
\c@maxparens=\count132
\c@parenlevel=\count133
\blx@tempcnta=\count134
\blx@tempcntb=\count135
\blx@tempcntc=\count136
\blx@maxsection=\count137
\blx@maxsegment@0=\count138
\blx@notetype=\count139
\blx@parenlevel@text=\count140
\blx@parenlevel@foot=\count141
\blx@sectionciteorder@0=\count142
\blx@entrysetcounter=\count143
\labelnumberwidth=\skip46
\labelalphawidth=\skip47
\biblabelsep=\skip48
\bibitemsep=\skip49
\bibnamesep=\skip50
\bibinitsep=\skip51
\bibparsep=\skip52
\bibhang=\skip53
\blx@bcfin=\read1
\blx@bcfout=\write3
\c@mincomprange=\count144
\c@maxcomprange=\count145
\c@mincompwidth=\count146
Package biblatex Info: Trying to load biblatex default data model...
Package biblatex Info: ... file 'blx-dm.def' found.

(/home/swaroop/pd/texlive/2019/texmf-dist/tex/latex/biblatex/blx-dm.def
File: blx-dm.def 2018/11/02 v3.12 biblatex localization (PK/MW)
)
Package biblatex Info: Trying to load biblatex style data model...
Package biblatex Info: ... file 'ieee.dbx' not found.
Package biblatex Info: Trying to load biblatex custom data model...
Package biblatex Info: ... file 'biblatex-dm.cfg' not found.
\c@afterword=\count147
\c@savedafterword=\count148
\c@annotator=\count149
\c@savedannotator=\count150
\c@author=\count151
\c@savedauthor=\count152
\c@bookauthor=\count153
\c@savedbookauthor=\count154
\c@commentator=\count155
\c@savedcommentator=\count156
\c@editor=\count157
\c@savededitor=\count158
\c@editora=\count159
\c@savededitora=\count160
\c@editorb=\count161
\c@savededitorb=\count162
\c@editorc=\count163
\c@savededitorc=\count164
\c@foreword=\count165
\c@savedforeword=\count166
\c@holder=\count167
\c@savedholder=\count168
\c@introduction=\count169
\c@savedintroduction=\count170
\c@namea=\count171
\c@savednamea=\count172
\c@nameb=\count173
\c@savednameb=\count174
\c@namec=\count175
\c@savednamec=\count176
\c@translator=\count177
\c@savedtranslator=\count178
\c@shortauthor=\count179
\c@savedshortauthor=\count180
\c@shorteditor=\count181
\c@savedshorteditor=\count182
\c@labelname=\count183
\c@savedlabelname=\count184
\c@institution=\count185
\c@savedinstitution=\count186
\c@lista=\count187
\c@savedlista=\count188
\c@listb=\count189
\c@savedlistb=\count190
\c@listc=\count191
\c@savedlistc=\count192
\c@listd=\count193
\c@savedlistd=\count194
\c@liste=\count195
\c@savedliste=\count196
\c@listf=\count197
\c@savedlistf=\count198
\c@location=\count199
\c@savedlocation=\count266
\c@organization=\count267
\c@savedorganization=\count268
\c@origlocation=\count269
\c@savedoriglocation=\count270
\c@origpublisher=\count271
\c@savedorigpublisher=\count272
\c@publisher=\count273
\c@savedpublisher=\count274
\c@language=\count275
\c@savedlanguage=\count276
\c@origlanguage=\count277
\c@savedoriglanguage=\count278
\c@pageref=\count279
\c@savedpageref=\count280
\shorthandwidth=\skip54
\shortjournalwidth=\skip55
\shortserieswidth=\skip56
\shorttitlewidth=\skip57
\shortauthorwidth=\skip58
\shorteditorwidth=\skip59
\locallabelnumberwidth=\skip60
\locallabelalphawidth=\skip61
\localshorthandwidth=\skip62
\localshortjournalwidth=\skip63
\localshortserieswidth=\skip64
\localshorttitlewidth=\skip65
\localshortauthorwidth=\skip66
\localshorteditorwidth=\skip67
Package biblatex Info: Trying to load compatibility code...
Package biblatex Info: ... file 'blx-compat.def' found.

(/home/swaroop/pd/texlive/2019/texmf-dist/tex/latex/biblatex/blx-compat.def
File: blx-compat.def 2018/11/02 v3.12 biblatex compatibility (PK/MW)
)
Package biblatex Info: Trying to load generic definitions...
Package biblatex Info: ... file 'biblatex.def' found.

(/home/swaroop/pd/texlive/2019/texmf-dist/tex/latex/biblatex/biblatex.def
File: biblatex.def 2018/11/02 v3.12 biblatex compatibility (PK/MW)
\c@textcitecount=\count281
\c@textcitetotal=\count282
\c@textcitemaxnames=\count283
\c@biburlnumpenalty=\count284
\c@biburlucpenalty=\count285
\c@biburllcpenalty=\count286
\c@smartand=\count287
)
Package biblatex Info: Trying to load bibliography style 'ieee'...
Package biblatex Info: ... file 'ieee.bbx' found.

(/home/swaroop/pd/texlive/2019/texmf-dist/tex/latex/biblatex-ieee/ieee.bbx
File: ieee.bbx 2018/08/20 v1.3 biblatex bibliography style
Package biblatex Info: Trying to load bibliography style 'numeric-comp'...
Package biblatex Info: ... file 'numeric-comp.bbx' found.

(/home/swaroop/pd/texlive/2019/texmf-dist/tex/latex/biblatex/bbx/numeric-comp.b
bx
File: numeric-comp.bbx 2018/11/02 v3.12 biblatex bibliography style (PK/MW)
Package biblatex Info: Trying to load bibliography style 'numeric'...
Package biblatex Info: ... file 'numeric.bbx' found.
 (/home/swaroop/pd/texlive/2019/texmf-dist/tex/latex/biblatex/bbx/numeric.bbx
File: numeric.bbx 2018/11/02 v3.12 biblatex bibliography style (PK/MW)
Package biblatex Info: Trying to load bibliography style 'standard'...
Package biblatex Info: ... file 'standard.bbx' found.
(/home/swaroop/pd/texlive/2019/texmf-dist/tex/latex/biblatex/bbx/standard.bbx
File: standard.bbx 2018/11/02 v3.12 biblatex bibliography style (PK/MW)
\c@bbx:relatedcount=\count288
\c@bbx:relatedtotal=\count289
))))
Package biblatex Info: Trying to load citation style 'ieee'...
Package biblatex Info: ... file 'ieee.cbx' found.
 (/home/swaroop/pd/texlive/2019/texmf-dist/tex/latex/biblatex-ieee/ieee.cbx
File: ieee.cbx 2018/08/20 v1.3 biblatex citation style
Package biblatex Info: Trying to load citation style 'numeric-comp'...
Package biblatex Info: ... file 'numeric-comp.cbx' found.

(/home/swaroop/pd/texlive/2019/texmf-dist/tex/latex/biblatex/cbx/numeric-comp.c
bx
File: numeric-comp.cbx 2018/11/02 v3.12 biblatex citation style (PK/MW)
\c@cbx@tempcnta=\count290
\c@cbx@tempcntb=\count291
Package biblatex Info: Redefining '\cite'.
Package biblatex Info: Redefining '\parencite'.
Package biblatex Info: Redefining '\footcite'.
Package biblatex Info: Redefining '\footcitetext'.
Package biblatex Info: Redefining '\smartcite'.
Package biblatex Info: Redefining '\supercite'.
Package biblatex Info: Redefining '\textcite'.
Package biblatex Info: Redefining '\textcites'.
Package biblatex Info: Redefining '\cites'.
Package biblatex Info: Redefining '\parencites'.
Package biblatex Info: Redefining '\smartcites'.
)
Package biblatex Info: Redefining '\cite'.
Package biblatex Info: Redefining '\cites'.
)
Package biblatex Info: Trying to load configuration file...
Package biblatex Info: ... file 'biblatex.cfg' found.
 (/home/swaroop/pd/texlive/2019/texmf-dist/tex/latex/biblatex/biblatex.cfg
File: biblatex.cfg 
)) (/home/swaroop/pd/texlive/2019/texmf-dist/tex/latex/graphics/graphicx.sty
Package: graphicx 2017/06/01 v1.1a Enhanced LaTeX Graphics (DPC,SPQR)

(/home/swaroop/pd/texlive/2019/texmf-dist/tex/latex/graphics/graphics.sty
Package: graphics 2017/06/25 v1.2c Standard LaTeX Graphics (DPC,SPQR)

(/home/swaroop/pd/texlive/2019/texmf-dist/tex/latex/graphics/trig.sty
Package: trig 2016/01/03 v1.10 sin cos tan (DPC)
)
(/home/swaroop/pd/texlive/2019/texmf-dist/tex/latex/graphics-cfg/graphics.cfg
File: graphics.cfg 2016/06/04 v1.11 sample graphics configuration
)
Package graphics Info: Driver file: pdftex.def on input line 99.

(/home/swaroop/pd/texlive/2019/texmf-dist/tex/latex/graphics-def/pdftex.def
File: pdftex.def 2018/01/08 v1.0l Graphics/color driver for pdftex
))
\Gin@req@height=\dimen112
\Gin@req@width=\dimen113
)
(/home/swaroop/pd/texlive/2019/texmf-dist/tex/latex/booktabs/booktabs.sty
Package: booktabs 2016/04/27 v1.618033 publication quality tables
\heavyrulewidth=\dimen114
\lightrulewidth=\dimen115
\cmidrulewidth=\dimen116
\belowrulesep=\dimen117
\belowbottomsep=\dimen118
\aboverulesep=\dimen119
\abovetopsep=\dimen120
\cmidrulesep=\dimen121
\cmidrulekern=\dimen122
\defaultaddspace=\dimen123
\@cmidla=\count292
\@cmidlb=\count293
\@aboverulesep=\dimen124
\@belowrulesep=\dimen125
\@thisruleclass=\count294
\@lastruleclass=\count295
\@thisrulewidth=\dimen126
)
(/home/swaroop/pd/texlive/2019/texmf-dist/tex/latex/multirow/multirow.sty
Package: multirow 2019/01/01 v2.4 Span multiple rows of a table
\multirow@colwidth=\skip68
\multirow@cntb=\count296
\multirow@dima=\skip69
\bigstrutjot=\dimen127
)
(/home/swaroop/pd/texlive/2019/texmf-dist/tex/latex/graphics/lscape.sty
Package: lscape 2000/10/22 v3.01 Landscape Pages (DPC)
)
(/home/swaroop/pd/texlive/2019/texmf-dist/tex/latex/tools/longtable.sty
Package: longtable 2014/10/28 v4.11 Multi-page Table package (DPC)+ FMi change
\LTleft=\skip70
\LTright=\skip71
\LTpre=\skip72
\LTpost=\skip73
\LTchunksize=\count297
\LTcapwidth=\dimen128
\LT@head=\box29
\LT@firsthead=\box30
\LT@foot=\box31
\LT@lastfoot=\box32
\LT@cols=\count298
\LT@rows=\count299
\c@LT@tables=\count300
\c@LT@chunks=\count301
\LT@p@ftn=\toks20
)
(/home/swaroop/pd/texlive/2019/texmf-dist/tex/latex/base/textcomp.sty
Package: textcomp 2018/08/11 v2.0j Standard LaTeX package
Package textcomp Info: Sub-encoding information:
(textcomp)               5 = only ISO-Adobe without \textcurrency
(textcomp)               4 = 5 + \texteuro
(textcomp)               3 = 4 + \textohm
(textcomp)               2 = 3 + \textestimated + \textcurrency
(textcomp)               1 = TS1 - \textcircled - \t
(textcomp)               0 = TS1 (full)
(textcomp)             Font families with sub-encoding setting implement
(textcomp)             only a restricted character set as indicated.
(textcomp)             Family '?' is the default used for unknown fonts.
(textcomp)             See the documentation for details.
Package textcomp Info: Setting ? sub-encoding to TS1/1 on input line 79.

(/home/swaroop/pd/texlive/2019/texmf-dist/tex/latex/base/ts1enc.def
File: ts1enc.def 2001/06/05 v3.0e (jk/car/fm) Standard LaTeX file
Now handling font encoding TS1 ...
... processing UTF-8 mapping file for font encoding TS1

(/home/swaroop/pd/texlive/2019/texmf-dist/tex/latex/base/ts1enc.dfu
File: ts1enc.dfu 2018/10/05 v1.2f UTF-8 support for inputenc
   defining Unicode char U+00A2 (decimal 162)
   defining Unicode char U+00A3 (decimal 163)
   defining Unicode char U+00A4 (decimal 164)
   defining Unicode char U+00A5 (decimal 165)
   defining Unicode char U+00A6 (decimal 166)
   defining Unicode char U+00A7 (decimal 167)
   defining Unicode char U+00A8 (decimal 168)
   defining Unicode char U+00A9 (decimal 169)
   defining Unicode char U+00AA (decimal 170)
   defining Unicode char U+00AC (decimal 172)
   defining Unicode char U+00AE (decimal 174)
   defining Unicode char U+00AF (decimal 175)
   defining Unicode char U+00B0 (decimal 176)
   defining Unicode char U+00B1 (decimal 177)
   defining Unicode char U+00B2 (decimal 178)
   defining Unicode char U+00B3 (decimal 179)
   defining Unicode char U+00B4 (decimal 180)
   defining Unicode char U+00B5 (decimal 181)
   defining Unicode char U+00B6 (decimal 182)
   defining Unicode char U+00B7 (decimal 183)
   defining Unicode char U+00B9 (decimal 185)
   defining Unicode char U+00BA (decimal 186)
   defining Unicode char U+00BC (decimal 188)
   defining Unicode char U+00BD (decimal 189)
   defining Unicode char U+00BE (decimal 190)
   defining Unicode char U+00D7 (decimal 215)
   defining Unicode char U+00F7 (decimal 247)
   defining Unicode char U+0192 (decimal 402)
   defining Unicode char U+02C7 (decimal 711)
   defining Unicode char U+02D8 (decimal 728)
   defining Unicode char U+02DD (decimal 733)
   defining Unicode char U+0E3F (decimal 3647)
   defining Unicode char U+2016 (decimal 8214)
   defining Unicode char U+2020 (decimal 8224)
   defining Unicode char U+2021 (decimal 8225)
   defining Unicode char U+2022 (decimal 8226)
   defining Unicode char U+2030 (decimal 8240)
   defining Unicode char U+2031 (decimal 8241)
   defining Unicode char U+203B (decimal 8251)
   defining Unicode char U+203D (decimal 8253)
   defining Unicode char U+2044 (decimal 8260)
   defining Unicode char U+204E (decimal 8270)
   defining Unicode char U+2052 (decimal 8274)
   defining Unicode char U+20A1 (decimal 8353)
   defining Unicode char U+20A4 (decimal 8356)
   defining Unicode char U+20A6 (decimal 8358)
   defining Unicode char U+20A9 (decimal 8361)
   defining Unicode char U+20AB (decimal 8363)
   defining Unicode char U+20AC (decimal 8364)
   defining Unicode char U+20B1 (decimal 8369)
   defining Unicode char U+2103 (decimal 8451)
   defining Unicode char U+2116 (decimal 8470)
   defining Unicode char U+2117 (decimal 8471)
   defining Unicode char U+211E (decimal 8478)
   defining Unicode char U+2120 (decimal 8480)
   defining Unicode char U+2122 (decimal 8482)
   defining Unicode char U+2126 (decimal 8486)
   defining Unicode char U+2127 (decimal 8487)
   defining Unicode char U+212E (decimal 8494)
   defining Unicode char U+2190 (decimal 8592)
   defining Unicode char U+2191 (decimal 8593)
   defining Unicode char U+2192 (decimal 8594)
   defining Unicode char U+2193 (decimal 8595)
   defining Unicode char U+2329 (decimal 9001)
   defining Unicode char U+232A (decimal 9002)
   defining Unicode char U+2422 (decimal 9250)
   defining Unicode char U+25E6 (decimal 9702)
   defining Unicode char U+25EF (decimal 9711)
   defining Unicode char U+266A (decimal 9834)
   defining Unicode char U+FEFF (decimal 65279)
))
LaTeX Info: Redefining \oldstylenums on input line 334.
Package textcomp Info: Setting cmr sub-encoding to TS1/0 on input line 349.
Package textcomp Info: Setting cmss sub-encoding to TS1/0 on input line 350.
Package textcomp Info: Setting cmtt sub-encoding to TS1/0 on input line 351.
Package textcomp Info: Setting cmvtt sub-encoding to TS1/0 on input line 352.
Package textcomp Info: Setting cmbr sub-encoding to TS1/0 on input line 353.
Package textcomp Info: Setting cmtl sub-encoding to TS1/0 on input line 354.
Package textcomp Info: Setting ccr sub-encoding to TS1/0 on input line 355.
Package textcomp Info: Setting ptm sub-encoding to TS1/4 on input line 356.
Package textcomp Info: Setting pcr sub-encoding to TS1/4 on input line 357.
Package textcomp Info: Setting phv sub-encoding to TS1/4 on input line 358.
Package textcomp Info: Setting ppl sub-encoding to TS1/3 on input line 359.
Package textcomp Info: Setting pag sub-encoding to TS1/4 on input line 360.
Package textcomp Info: Setting pbk sub-encoding to TS1/4 on input line 361.
Package textcomp Info: Setting pnc sub-encoding to TS1/4 on input line 362.
Package textcomp Info: Setting pzc sub-encoding to TS1/4 on input line 363.
Package textcomp Info: Setting bch sub-encoding to TS1/4 on input line 364.
Package textcomp Info: Setting put sub-encoding to TS1/5 on input line 365.
Package textcomp Info: Setting uag sub-encoding to TS1/5 on input line 366.
Package textcomp Info: Setting ugq sub-encoding to TS1/5 on input line 367.
Package textcomp Info: Setting ul8 sub-encoding to TS1/4 on input line 368.
Package textcomp Info: Setting ul9 sub-encoding to TS1/4 on input line 369.
Package textcomp Info: Setting augie sub-encoding to TS1/5 on input line 370.
Package textcomp Info: Setting dayrom sub-encoding to TS1/3 on input line 371.
Package textcomp Info: Setting dayroms sub-encoding to TS1/3 on input line 372.

Package textcomp Info: Setting pxr sub-encoding to TS1/0 on input line 373.
Package textcomp Info: Setting pxss sub-encoding to TS1/0 on input line 374.
Package textcomp Info: Setting pxtt sub-encoding to TS1/0 on input line 375.
Package textcomp Info: Setting txr sub-encoding to TS1/0 on input line 376.
Package textcomp Info: Setting txss sub-encoding to TS1/0 on input line 377.
Package textcomp Info: Setting txtt sub-encoding to TS1/0 on input line 378.
Package textcomp Info: Setting lmr sub-encoding to TS1/0 on input line 379.
Package textcomp Info: Setting lmdh sub-encoding to TS1/0 on input line 380.
Package textcomp Info: Setting lmss sub-encoding to TS1/0 on input line 381.
Package textcomp Info: Setting lmssq sub-encoding to TS1/0 on input line 382.
Package textcomp Info: Setting lmvtt sub-encoding to TS1/0 on input line 383.
Package textcomp Info: Setting lmtt sub-encoding to TS1/0 on input line 384.
Package textcomp Info: Setting qhv sub-encoding to TS1/0 on input line 385.
Package textcomp Info: Setting qag sub-encoding to TS1/0 on input line 386.
Package textcomp Info: Setting qbk sub-encoding to TS1/0 on input line 387.
Package textcomp Info: Setting qcr sub-encoding to TS1/0 on input line 388.
Package textcomp Info: Setting qcs sub-encoding to TS1/0 on input line 389.
Package textcomp Info: Setting qpl sub-encoding to TS1/0 on input line 390.
Package textcomp Info: Setting qtm sub-encoding to TS1/0 on input line 391.
Package textcomp Info: Setting qzc sub-encoding to TS1/0 on input line 392.
Package textcomp Info: Setting qhvc sub-encoding to TS1/0 on input line 393.
Package textcomp Info: Setting futs sub-encoding to TS1/4 on input line 394.
Package textcomp Info: Setting futx sub-encoding to TS1/4 on input line 395.
Package textcomp Info: Setting futj sub-encoding to TS1/4 on input line 396.
Package textcomp Info: Setting hlh sub-encoding to TS1/3 on input line 397.
Package textcomp Info: Setting hls sub-encoding to TS1/3 on input line 398.
Package textcomp Info: Setting hlst sub-encoding to TS1/3 on input line 399.
Package textcomp Info: Setting hlct sub-encoding to TS1/5 on input line 400.
Package textcomp Info: Setting hlx sub-encoding to TS1/5 on input line 401.
Package textcomp Info: Setting hlce sub-encoding to TS1/5 on input line 402.
Package textcomp Info: Setting hlcn sub-encoding to TS1/5 on input line 403.
Package textcomp Info: Setting hlcw sub-encoding to TS1/5 on input line 404.
Package textcomp Info: Setting hlcf sub-encoding to TS1/5 on input line 405.
Package textcomp Info: Setting pplx sub-encoding to TS1/3 on input line 406.
Package textcomp Info: Setting pplj sub-encoding to TS1/3 on input line 407.
Package textcomp Info: Setting ptmx sub-encoding to TS1/4 on input line 408.
Package textcomp Info: Setting ptmj sub-encoding to TS1/4 on input line 409.
)
(/home/swaroop/pd/texlive/2019/texmf-dist/tex/latex/geometry/geometry.sty
Package: geometry 2018/04/16 v5.8 Page Geometry

(/home/swaroop/pd/texlive/2019/texmf-dist/tex/generic/oberdiek/ifvtex.sty
Package: ifvtex 2016/05/16 v1.6 Detect VTeX and its facilities (HO)
Package ifvtex Info: VTeX not detected.
)
(/home/swaroop/pd/texlive/2019/texmf-dist/tex/generic/ifxetex/ifxetex.sty
Package: ifxetex 2010/09/12 v0.6 Provides ifxetex conditional
)
\Gm@cnth=\count302
\Gm@cntv=\count303
\c@Gm@tempcnt=\count304
\Gm@bindingoffset=\dimen129
\Gm@wd@mp=\dimen130
\Gm@odd@mp=\dimen131
\Gm@even@mp=\dimen132
\Gm@layoutwidth=\dimen133
\Gm@layoutheight=\dimen134
\Gm@layouthoffset=\dimen135
\Gm@layoutvoffset=\dimen136
\Gm@dimlist=\toks21
)
(/home/swaroop/pd/texlive/2019/texmf-dist/tex/latex/float/float.sty
Package: float 2001/11/08 v1.3d Float enhancements (AL)
\c@float@type=\count305
\float@exts=\toks22
\float@box=\box33
\@float@everytoks=\toks23
\@floatcapt=\box34
)
(/home/swaroop/pd/texlive/2019/texmf-dist/tex/latex/hyperref/hyperref.sty
Package: hyperref 2018/11/30 v6.88e Hypertext links for LaTeX

(/home/swaroop/pd/texlive/2019/texmf-dist/tex/generic/oberdiek/hobsub-hyperref.
sty
Package: hobsub-hyperref 2016/05/16 v1.14 Bundle oberdiek, subset hyperref (HO)


(/home/swaroop/pd/texlive/2019/texmf-dist/tex/generic/oberdiek/hobsub-generic.s
ty
Package: hobsub-generic 2016/05/16 v1.14 Bundle oberdiek, subset generic (HO)
Package: hobsub 2016/05/16 v1.14 Construct package bundles (HO)
Package hobsub Info: Skipping package `infwarerr' (already loaded).
Package hobsub Info: Skipping package `ltxcmds' (already loaded).
Package hobsub Info: Skipping package `ifluatex' (already loaded).
Package hobsub Info: Skipping package `ifvtex' (already loaded).
Package: intcalc 2016/05/16 v1.2 Expandable calculations with integers (HO)
Package hobsub Info: Skipping package `ifpdf' (already loaded).
Package hobsub Info: Skipping package `etexcmds' (already loaded).
Package hobsub Info: Skipping package `kvsetkeys' (already loaded).
Package: kvdefinekeys 2016/05/16 v1.4 Define keys (HO)
Package hobsub Info: Skipping package `pdftexcmds' (already loaded).
Package: pdfescape 2016/05/16 v1.14 Implements pdfTeX's escape features (HO)
Package: bigintcalc 2016/05/16 v1.4 Expandable calculations on big integers (HO
)
Package: bitset 2016/05/16 v1.2 Handle bit-vector datatype (HO)
Package: uniquecounter 2016/05/16 v1.3 Provide unlimited unique counter (HO)
)
Package hobsub Info: Skipping package `hobsub' (already loaded).
Package: letltxmacro 2016/05/16 v1.5 Let assignment for LaTeX macros (HO)
Package: hopatch 2016/05/16 v1.3 Wrapper for package hooks (HO)
Package: xcolor-patch 2016/05/16 xcolor patch
Package: atveryend 2016/05/16 v1.9 Hooks at the very end of document (HO)
Package: atbegshi 2016/06/09 v1.18 At begin shipout hook (HO)
Package: refcount 2016/05/16 v3.5 Data extraction from label references (HO)
Package: hycolor 2016/05/16 v1.8 Color options for hyperref/bookmark (HO)
) (/home/swaroop/pd/texlive/2019/texmf-dist/tex/latex/oberdiek/auxhook.sty
Package: auxhook 2016/05/16 v1.4 Hooks for auxiliary files (HO)
)
\@linkdim=\dimen137
\Hy@linkcounter=\count306
\Hy@pagecounter=\count307

(/home/swaroop/pd/texlive/2019/texmf-dist/tex/latex/hyperref/pd1enc.def
File: pd1enc.def 2018/11/30 v6.88e Hyperref: PDFDocEncoding definition (HO)
Now handling font encoding PD1 ...
... no UTF-8 mapping file for font encoding PD1
)
\Hy@SavedSpaceFactor=\count308

(/home/swaroop/pd/texlive/2019/texmf-dist/tex/latex/latexconfig/hyperref.cfg
File: hyperref.cfg 2002/06/06 v1.2 hyperref configuration of TeXLive
)
Package hyperref Info: Hyper figures OFF on input line 4519.
Package hyperref Info: Link nesting OFF on input line 4524.
Package hyperref Info: Hyper index ON on input line 4527.
Package hyperref Info: Plain pages OFF on input line 4534.
Package hyperref Info: Backreferencing OFF on input line 4539.
Package hyperref Info: Implicit mode ON; LaTeX internals redefined.
Package hyperref Info: Bookmarks ON on input line 4772.
\c@Hy@tempcnt=\count309
LaTeX Info: Redefining \url on input line 5125.
\XeTeXLinkMargin=\dimen138
\Fld@menulength=\count310
\Field@Width=\dimen139
\Fld@charsize=\dimen140
Package hyperref Info: Hyper figures OFF on input line 6380.
Package hyperref Info: Link nesting OFF on input line 6385.
Package hyperref Info: Hyper index ON on input line 6388.
Package hyperref Info: backreferencing OFF on input line 6395.
Package hyperref Info: Link coloring OFF on input line 6400.
Package hyperref Info: Link coloring with OCG OFF on input line 6405.
Package hyperref Info: PDF/A mode OFF on input line 6410.
LaTeX Info: Redefining \ref on input line 6450.
LaTeX Info: Redefining \pageref on input line 6454.
\Hy@abspage=\count311
\c@Item=\count312
\c@Hfootnote=\count313
)
Package hyperref Info: Driver (autodetected): hpdftex.

(/home/swaroop/pd/texlive/2019/texmf-dist/tex/latex/hyperref/hpdftex.def
File: hpdftex.def 2018/11/30 v6.88e Hyperref driver for pdfTeX
\Fld@listcount=\count314
\c@bookmark@seq@number=\count315

(/home/swaroop/pd/texlive/2019/texmf-dist/tex/latex/oberdiek/rerunfilecheck.sty
Package: rerunfilecheck 2016/05/16 v1.8 Rerun checks for auxiliary files (HO)
Package uniquecounter Info: New unique counter `rerunfilecheck' on input line 2
82.
)
\Hy@SectionHShift=\skip74
) (/home/swaroop/pd/texlive/2019/texmf-dist/tex/latex/oberdiek/hypcap.sty
Package: hypcap 2016/05/16 v1.12 Adjusting the anchors of captions (HO)
)

Package biblatex Warning: File 'english-ieee.lbx' not found!
(biblatex)                Ignoring mapping 'english' -> 'english-ieee'.

Package biblatex Info: Trying to load language 'english'...
Package biblatex Info: ... file 'english.lbx' found.
(/home/swaroop/pd/texlive/2019/texmf-dist/tex/latex/biblatex/lbx/english.lbx
File: english.lbx 2018/11/02 v3.12 biblatex localization (PK/MW)
)
\@quotelevel=\count316
\@quotereset=\count317

(./report.aux

LaTeX Warning: Label `architecture' multiply defined.

)
\openout1 = `report.aux'.

LaTeX Font Info:    Checking defaults for OML/cmm/m/it on input line 29.
LaTeX Font Info:    ... okay on input line 29.
LaTeX Font Info:    Checking defaults for T1/cmr/m/n on input line 29.
LaTeX Font Info:    ... okay on input line 29.
LaTeX Font Info:    Checking defaults for OT1/cmr/m/n on input line 29.
LaTeX Font Info:    ... okay on input line 29.
LaTeX Font Info:    Checking defaults for OMS/cmsy/m/n on input line 29.
LaTeX Font Info:    ... okay on input line 29.
LaTeX Font Info:    Checking defaults for OMX/cmex/m/n on input line 29.
LaTeX Font Info:    ... okay on input line 29.
LaTeX Font Info:    Checking defaults for U/cmr/m/n on input line 29.
LaTeX Font Info:    ... okay on input line 29.
LaTeX Font Info:    Checking defaults for TS1/cmr/m/n on input line 29.
LaTeX Font Info:    Try loading font information for TS1+cmr on input line 29.
 (/home/swaroop/pd/texlive/2019/texmf-dist/tex/latex/base/ts1cmr.fd
File: ts1cmr.fd 2014/09/29 v2.5h Standard LaTeX font definitions
)
LaTeX Font Info:    ... okay on input line 29.
LaTeX Font Info:    Checking defaults for PD1/pdf/m/n on input line 29.
LaTeX Font Info:    ... okay on input line 29.
Package biblatex Info: Input encoding 'utf8' detected.
Package biblatex Info: Automatic encoding selection.
(biblatex)             Assuming data encoding 'utf8'.
\openout3 = `report.bcf'.

Package biblatex Info: Trying to load bibliographic data...
Package biblatex Info: ... file 'report.bbl' found.

(./report.bbl)
Package biblatex Info: Reference section=0 on input line 29.
Package biblatex Info: Reference segment=0 on input line 29.

(/home/swaroop/pd/texlive/2019/texmf-dist/tex/context/base/mkii/supp-pdf.mkii
[Loading MPS to PDF converter (version 2006.09.02).]
\scratchcounter=\count318
\scratchdimen=\dimen141
\scratchbox=\box35
\nofMPsegments=\count319
\nofMParguments=\count320
\everyMPshowfont=\toks24
\MPscratchCnt=\count321
\MPscratchDim=\dimen142
\MPnumerator=\count322
\makeMPintoPDFobject=\count323
\everyMPtoPDFconversion=\toks25
)
(/home/swaroop/pd/texlive/2019/texmf-dist/tex/latex/oberdiek/epstopdf-base.sty
Package: epstopdf-base 2016/05/15 v2.6 Base part for package epstopdf

(/home/swaroop/pd/texlive/2019/texmf-dist/tex/latex/oberdiek/grfext.sty
Package: grfext 2016/05/16 v1.2 Manage graphics extensions (HO)
)
Package epstopdf-base Info: Redefining graphics rule for `.eps' on input line 4
38.
Package grfext Info: Graphics extension search list:
(grfext)             [.pdf,.png,.jpg,.mps,.jpeg,.jbig2,.jb2,.PDF,.PNG,.JPG,.JPE
G,.JBIG2,.JB2,.eps]
(grfext)             \AppendGraphicsExtensions on input line 456.

(/home/swaroop/pd/texlive/2019/texmf-dist/tex/latex/latexconfig/epstopdf-sys.cf
g
File: epstopdf-sys.cfg 2010/07/13 v1.3 Configuration of (r)epstopdf for TeX Liv
e
))
*geometry* driver: auto-detecting
*geometry* detected driver: pdftex
*geometry* verbose mode - [ preamble ] result:
* driver: pdftex
* paper: a4paper
* layout: <same size as paper>
* layoutoffset:(h,v)=(0.0pt,0.0pt)
* modes: 
* h-part:(L,W,R)=(72.26999pt, 452.9679pt, 72.26999pt)
* v-part:(T,H,B)=(72.26999pt, 700.50687pt, 72.26999pt)
* \paperwidth=597.50787pt
* \paperheight=845.04684pt
* \textwidth=452.9679pt
* \textheight=700.50687pt
* \oddsidemargin=0.0pt
* \evensidemargin=0.0pt
* \topmargin=-37.0pt
* \headheight=12.0pt
* \headsep=25.0pt
* \topskip=12.0pt
* \footskip=30.0pt
* \marginparwidth=35.0pt
* \marginparsep=10.0pt
* \columnsep=10.0pt
* \skip\footins=10.8pt plus 4.0pt minus 2.0pt
* \hoffset=0.0pt
* \voffset=0.0pt
* \mag=1000
* \@twocolumnfalse
* \@twosidefalse
* \@mparswitchfalse
* \@reversemarginfalse
* (1in=72.27pt=25.4mm, 1cm=28.453pt)

\AtBeginShipoutBox=\box36
Package hyperref Info: Link coloring OFF on input line 29.
(/home/swaroop/pd/texlive/2019/texmf-dist/tex/latex/hyperref/nameref.sty
Package: nameref 2016/05/21 v2.44 Cross-referencing by name of section

(/home/swaroop/pd/texlive/2019/texmf-dist/tex/generic/oberdiek/gettitlestring.s
ty
Package: gettitlestring 2016/05/16 v1.5 Cleanup title references (HO)
)
\c@section@level=\count324
)
LaTeX Info: Redefining \ref on input line 29.
LaTeX Info: Redefining \pageref on input line 29.
LaTeX Info: Redefining \nameref on input line 29.
 (./report.out) (./report.out)
\@outlinefile=\write4
\openout4 = `report.out'.

LaTeX Font Info:    Try loading font information for U+msa on input line 31.

(/home/swaroop/pd/texlive/2019/texmf-dist/tex/latex/amsfonts/umsa.fd
File: umsa.fd 2013/01/14 v3.01 AMS symbols A
)
LaTeX Font Info:    Try loading font information for U+msb on input line 31.

(/home/swaroop/pd/texlive/2019/texmf-dist/tex/latex/amsfonts/umsb.fd
File: umsb.fd 2013/01/14 v3.01 AMS symbols B
) [1

{/home/swaroop/pd/texlive/2019/texmf-var/fonts/map/pdftex/updmap/pdftex.map}]
Underfull \hbox (badness 10000) in paragraph at lines 41--42

 []

pdfTeX warning (ext4): destination with the same identifier (name{page.1}) has 
been already used, duplicate ignored
<to be read again> 
                   \relax 
l.58 \end{abstract}
                    [1] (./report.tocpdfTeX warning (ext4): destination with th
e same identifier (name{page.1}) has been already used, duplicate ignored
<to be read again> 
                   \relax 
l.61 ...4.7}Progressive resizing}{34}{section.4.7}
                                                  % [1

])
\tf@toc=\write5
\openout5 = `report.toc'.

 [2] (./report.lot
[3

])
\tf@lot=\write6
\openout6 = `report.lot'.

 [4] (./report.lof [5

] [6])
\tf@lof=\write7
\openout7 = `report.lof'.

 [7]
Chapter 1.

Underfull \hbox (badness 10000) in paragraph at lines 64--69

 []

<images/normal1.png, id=437, 100.2144pt x 120.45pt>
File: images/normal1.png Graphic file (type png)
<use images/normal1.png>
Package pdftex.def Info: images/normal1.png  used on input line 86.
(pdftex.def)             Requested size: 135.89174pt x 163.3485pt.
<images/consolidation_original.png, id=439, 72.27pt x 86.724pt>
File: images/consolidation_original.png Graphic file (type png)
<use images/consolidation_original.png>
Package pdftex.def Info: images/consolidation_original.png  used on input line 
87.
(pdftex.def)             Requested size: 135.89174pt x 163.07948pt.
<images/TB_original.jpg, id=440, 120.45pt x 144.54pt>
File: images/TB_original.jpg Graphic file (type jpg)
<use images/TB_original.jpg>
Package pdftex.def Info: images/TB_original.jpg  used on input line 88.
(pdftex.def)             Requested size: 135.89174pt x 163.08566pt.
<images/normal2.png, id=441, 69.861pt x 83.8332pt>
File: images/normal2.png Graphic file (type png)
<use images/normal2.png>
Package pdftex.def Info: images/normal2.png  used on input line 89.
(pdftex.def)             Requested size: 135.89174pt x 163.07237pt.
<images/consolidation_heatmap.png, id=442, 72.27pt x 86.724pt>
File: images/consolidation_heatmap.png Graphic file (type png)
<use images/consolidation_heatmap.png>
Package pdftex.def Info: images/consolidation_heatmap.png  used on input line 9
0.
(pdftex.def)             Requested size: 135.89174pt x 163.07948pt.
<images/TB_heatmap.jpg, id=443, 120.45pt x 144.54pt>
File: images/TB_heatmap.jpg Graphic file (type jpg)
<use images/TB_heatmap.jpg>
Package pdftex.def Info: images/TB_heatmap.jpg  used on input line 91.
(pdftex.def)             Requested size: 135.89174pt x 163.08566pt.

Underfull \hbox (badness 10000) in paragraph at lines 107--121

 []

[8

] [9 <./images/normal1.png> <./images/consolidation_original.png> <./images/TB_
original.jpg> <./images/normal2.png> <./images/consolidation_heatmap.png> <./im
ages/TB_heatmap.jpg>]
Underfull \hbox (badness 10000) in paragraph at lines 122--133

 []


Underfull \hbox (badness 10000) in paragraph at lines 156--160

 []

[10]
Underfull \hbox (badness 10000) in paragraph at lines 189--199

 []


Underfull \hbox (badness 10000) in paragraph at lines 200--216

 []

[11]
Underfull \hbox (badness 10000) in paragraph at lines 222--229

 []


Underfull \hbox (badness 10000) in paragraph at lines 230--239

 []


Underfull \hbox (badness 10000) in paragraph at lines 240--243

 []

[12]
Underfull \hbox (badness 10000) in paragraph at lines 262--266

 []


Underfull \hbox (badness 10000) in paragraph at lines 267--276

 []


Underfull \hbox (badness 10000) in paragraph at lines 277--282

 []


Underfull \hbox (badness 10000) in paragraph at lines 283--291

 []


Underfull \hbox (badness 10000) in paragraph at lines 292--301

 []

[13]
Underfull \hbox (badness 10000) in paragraph at lines 309--313

 []


Underfull \hbox (badness 10000) in paragraph at lines 354--366

 []

[14]
Underfull \hbox (badness 10000) in paragraph at lines 377--384

 []


Underfull \hbox (badness 10000) in paragraph at lines 385--389

 []


Underfull \hbox (badness 10000) in paragraph at lines 390--394

 []


Overfull \hbox (8.08426pt too wide) in paragraph at lines 409--413
\OT1/cmr/m/n/12 dataset sig-nif-i-cantly im-proved per-for-mance and gen-er-al-
iza-tion to the ex-ter-nal dataset.
 []

[15]

! LaTeX Error: There's no line here to end.

See the LaTeX manual or LaTeX Companion for explanation.
Type  H <return>  for immediate help.
 ...                                              
                                                  
l.442 
      
Your command was ignored.
Type  I <command> <return>  to replace it with another command,
or  <return>  to continue without it.


Underfull \hbox (badness 10000) in paragraph at lines 443--450

 []


Underfull \hbox (badness 10000) in paragraph at lines 451--457

 []

[16]
Chapter 2.

Overfull \hbox (7.34409pt too wide) in paragraph at lines 462--469
\OT1/cmr/m/n/12 We use the NIH ChestX-ray14 dataset[[]24[]] and the Shen-zhen h
os-pi-tal tu-ber-cu-lo-sis dataset[[]2[]]
 []


Underfull \hbox (badness 10000) in paragraph at lines 487--491

 []


Underfull \hbox (badness 10000) in paragraph at lines 492--497

 []

[17

] [18]
Underfull \hbox (badness 10000) in paragraph at lines 551--557

 []


Underfull \hbox (badness 10000) in paragraph at lines 558--561

 []


Underfull \hbox (badness 10000) in paragraph at lines 579--583

 []

[19]
Underfull \hbox (badness 10000) in paragraph at lines 584--587

 []

[20] [21]
Underfull \hbox (badness 10000) in paragraph at lines 609--613

 []


Underfull \hbox (badness 10000) in paragraph at lines 614--619

 []

[22


] [23]
Chapter 3.

Underfull \hbox (badness 10000) in paragraph at lines 642--651

 []


Underfull \hbox (badness 10000) in paragraph at lines 652--657

 []

<images/arch.png, id=654, 1103.12125pt x 560.0925pt>
File: images/arch.png Graphic file (type png)
<use images/arch.png>
Package pdftex.def Info: images/arch.png  used on input line 659.
(pdftex.def)             Requested size: 452.9679pt x 229.9898pt.

Underfull \hbox (badness 10000) in paragraph at lines 665--674

 []


Underfull \hbox (badness 10000) in paragraph at lines 676--683

 []

[24



]
Underfull \hbox (badness 10000) in paragraph at lines 689--693

 []

[25 <./images/arch.png>]
Underfull \hbox (badness 10000) in paragraph at lines 699--702

 []

<images/pneumonia_orig.png, id=665, 315.1775pt x 314.17375pt>
File: images/pneumonia_orig.png Graphic file (type png)
<use images/pneumonia_orig.png>
Package pdftex.def Info: images/pneumonia_orig.png  used on input line 713.
(pdftex.def)             Requested size: 203.83417pt x 203.18462pt.
<images/pneumonia_hm_bbox.png, id=666, 314.17375pt x 315.1775pt>
File: images/pneumonia_hm_bbox.png Graphic file (type png)
<use images/pneumonia_hm_bbox.png>
Package pdftex.def Info: images/pneumonia_hm_bbox.png  used on input line 714.
(pdftex.def)             Requested size: 203.83417pt x 204.48302pt.
<images/atelectasis_orig.png, id=667, 313.17pt x 314.17375pt>
File: images/atelectasis_orig.png Graphic file (type png)
<use images/atelectasis_orig.png>
Package pdftex.def Info: images/atelectasis_orig.png  used on input line 715.
(pdftex.def)             Requested size: 203.83417pt x 204.49335pt.
<images/atelectasis_hm_bbox.png, id=668, 317.185pt x 313.17pt>
File: images/atelectasis_hm_bbox.png Graphic file (type png)
<use images/atelectasis_hm_bbox.png>
Package pdftex.def Info: images/atelectasis_hm_bbox.png  used on input line 716
.
(pdftex.def)             Requested size: 203.83417pt x 201.25958pt.

Underfull \hbox (badness 10000) in paragraph at lines 749--754

 []


Underfull \hbox (badness 10000) in paragraph at lines 755--764

 []

[26] [27 <./images/pneumonia_orig.png> <./images/pneumonia_hm_bbox.png> <./imag
es/atelectasis_orig.png> <./images/atelectasis_hm_bbox.png>] [28] [29]
Chapter 4.

Underfull \hbox (badness 10000) in paragraph at lines 804--814

 []

<images/baseline_without_da.png, id=700, 562.1pt x 381.425pt>
File: images/baseline_without_da.png Graphic file (type png)
<use images/baseline_without_da.png>
Package pdftex.def Info: images/baseline_without_da.png  used on input line 817
.
(pdftex.def)             Requested size: 221.95676pt x 150.61174pt.
<images/baseline_with_da.png, id=701, 562.1pt x 380.42125pt>
File: images/baseline_with_da.png Graphic file (type png)
<use images/baseline_with_da.png>
Package pdftex.def Info: images/baseline_with_da.png  used on input line 818.
(pdftex.def)             Requested size: 221.95676pt x 150.2154pt.

Underfull \hbox (badness 10000) in paragraph at lines 853--858

 []

[30

 <./images/baseline_without_da.png> <./images/baseline_with_da.png>]
[31]
Underfull \hbox (badness 10000) in paragraph at lines 883--893

 []


Underfull \hbox (badness 10000) in paragraph at lines 921--924

 []

[32] [33]
Underfull \hbox (badness 10000) in paragraph at lines 953--958

 []


Underfull \hbox (badness 10000) in paragraph at lines 983--988

 []


Underfull \hbox (badness 10000) in paragraph at lines 1011--1019

 []

[34] [35] [36] [37]
Underfull \hbox (badness 10000) in paragraph at lines 1020--1023

 []


Underfull \hbox (badness 10000) in paragraph at lines 1042--1045

 []


Underfull \hbox (badness 10000) in paragraph at lines 1066--1070

 []

[38]
Underfull \hbox (badness 10000) in paragraph at lines 1075--1085

 []

<images/heatmap_224_noda.png, id=753, 177.66376pt x 178.6675pt>
File: images/heatmap_224_noda.png Graphic file (type png)
<use images/heatmap_224_noda.png>
Package pdftex.def Info: images/heatmap_224_noda.png  used on input line 1090.
(pdftex.def)             Requested size: 126.83044pt x 127.54999pt.
<images/heatmap_224_da.png, id=754, 178.6675pt x 179.67125pt>
File: images/heatmap_224_da.png Graphic file (type png)
<use images/heatmap_224_da.png>
Package pdftex.def Info: images/heatmap_224_da.png  used on input line 1091.
(pdftex.def)             Requested size: 126.83044pt x 127.54279pt.
<images/heatmap_224_cropped.png, id=755, 176.66pt x 177.66376pt>
File: images/heatmap_224_cropped.png Graphic file (type png)
<use images/heatmap_224_cropped.png>
Package pdftex.def Info: images/heatmap_224_cropped.png  used on input line 109
2.
(pdftex.def)             Requested size: 126.83044pt x 127.55182pt.
<images/heatmap_224_no_in.png, id=756, 174.6525pt x 178.6675pt>
File: images/heatmap_224_no_in.png Graphic file (type png)
<use images/heatmap_224_no_in.png>
Package pdftex.def Info: images/heatmap_224_no_in.png  used on input line 1094.

(pdftex.def)             Requested size: 126.83044pt x 129.74734pt.
<images/heatmap_224_guangzhou.png, id=757, 207.77625pt x 206.7725pt>
File: images/heatmap_224_guangzhou.png Graphic file (type png)
<use images/heatmap_224_guangzhou.png>
Package pdftex.def Info: images/heatmap_224_guangzhou.png  used on input line 1
095.
(pdftex.def)             Requested size: 126.83044pt x 126.21622pt.
[39]
Underfull \hbox (badness 10000) in paragraph at lines 1173--1174

 []

[40 <./images/heatmap_224_noda.png> <./images/heatmap_224_da.png> <./images/hea
tmap_224_cropped.png> <./images/heatmap_224_no_in.png> <./images/heatmap_224_gu
angzhou.png>] [41]
Underfull \hbox (badness 10000) in paragraph at lines 1175--1176

 []

[42] [43]
<images/charts/age_basic.png, id=781, 374.90062pt x 257.46187pt>
File: images/charts/age_basic.png Graphic file (type png)
<use images/charts/age_basic.png>
Package pdftex.def Info: images/charts/age_basic.png  used on input line 1211.
(pdftex.def)             Requested size: 217.42265pt x 149.3162pt.
<images/charts/age_detailed.png, id=782, 529.22719pt x 368.87813pt>
File: images/charts/age_detailed.png Graphic file (type png)
<use images/charts/age_detailed.png>
Package pdftex.def Info: images/charts/age_detailed.png  used on input line 121
2.
(pdftex.def)             Requested size: 217.42265pt x 151.54495pt.
<images/charts/age_probs.png, id=783, 454.69875pt x 279.29344pt>
File: images/charts/age_probs.png Graphic file (type png)
<use images/charts/age_probs.png>
Package pdftex.def Info: images/charts/age_probs.png  used on input line 1213.
(pdftex.def)             Requested size: 217.42265pt x 133.55219pt.
<images/charts/age_auc.png, id=784, 455.45157pt x 256.70906pt>
File: images/charts/age_auc.png Graphic file (type png)
<use images/charts/age_auc.png>
Package pdftex.def Info: images/charts/age_auc.png  used on input line 1214.
(pdftex.def)             Requested size: 217.42265pt x 122.54912pt.

Underfull \hbox (badness 10000) in paragraph at lines 1222--1224

 []


Underfull \hbox (badness 10000) in paragraph at lines 1225--1226

 []

[44


 <./images/charts/age_basic.png (PNG copy)> <./images/charts/age_detailed.png (
PNG copy)> <./images/charts/age_probs.png (PNG copy)> <./images/charts/age_auc.
png (PNG copy)>] [45] [46]
<images/charts/gender_basic.png, id=798, 414.79968pt x 267.24844pt>
File: images/charts/gender_basic.png Graphic file (type png)
<use images/charts/gender_basic.png>
Package pdftex.def Info: images/charts/gender_basic.png  used on input line 126
1.
(pdftex.def)             Requested size: 217.42265pt x 140.07916pt.
<images/charts/gender_detailed.png, id=799, 515.67656pt x 371.13657pt>
File: images/charts/gender_detailed.png Graphic file (type png)
<use images/charts/gender_detailed.png>
Package pdftex.def Info: images/charts/gender_detailed.png  used on input line 
1262.
(pdftex.def)             Requested size: 217.42265pt x 156.47658pt.
<images/charts/gender_probs.png, id=800, 454.69875pt x 286.06876pt>
File: images/charts/gender_probs.png Graphic file (type png)
<use images/charts/gender_probs.png>
Package pdftex.def Info: images/charts/gender_probs.png  used on input line 126
3.
(pdftex.def)             Requested size: 217.42265pt x 136.79199pt.
<images/charts/gender_auc.png, id=801, 455.45157pt x 255.95625pt>
File: images/charts/gender_auc.png Graphic file (type png)
<use images/charts/gender_auc.png>
Package pdftex.def Info: images/charts/gender_auc.png  used on input line 1264.

(pdftex.def)             Requested size: 217.42265pt x 122.18974pt.
<images/gender_cropped_orig.png, id=802, 568.37344pt x 570.63188pt>
File: images/gender_cropped_orig.png Graphic file (type png)
<use images/gender_cropped_orig.png>
Package pdftex.def Info: images/gender_cropped_orig.png  used on input line 126
5.
(pdftex.def)             Requested size: 217.42265pt x 218.28775pt.
<images/gender_cropped.png, id=803, 573.64313pt x 570.63188pt>
File: images/gender_cropped.png Graphic file (type png)
<use images/gender_cropped.png>
Package pdftex.def Info: images/gender_cropped.png  used on input line 1266.
(pdftex.def)             Requested size: 217.42265pt x 216.2764pt.

Underfull \hbox (badness 10000) in paragraph at lines 1276--1277

 []

[47


 <./images/charts/gender_basic.png (PNG copy)> <./images/charts/gender_detailed
.png (PNG copy)> <./images/charts/gender_probs.png (PNG copy)> <./images/charts
/gender_auc.png (PNG copy)> <./images/gender_cropped_orig.png> <./images/gender
_cropped.png>]
Underfull \hbox (badness 10000) in paragraph at lines 1278--1279

 []

[48] [49]
<images/charts/view_basic.png, id=820, 392.21532pt x 264.99pt>
File: images/charts/view_basic.png Graphic file (type png)
<use images/charts/view_basic.png>
Package pdftex.def Info: images/charts/view_basic.png  used on input line 1314.

(pdftex.def)             Requested size: 217.42265pt x 146.89732pt.
<images/charts/view_detailed.png, id=821, 526.96875pt x 360.59718pt>
File: images/charts/view_detailed.png Graphic file (type png)
<use images/charts/view_detailed.png>
Package pdftex.def Info: images/charts/view_detailed.png  used on input line 13
15.
(pdftex.def)             Requested size: 217.42265pt x 148.78117pt.
<images/charts/view_probs.png, id=822, 487.06969pt x 274.02374pt>
File: images/charts/view_probs.png Graphic file (type png)
<use images/charts/view_probs.png>
Package pdftex.def Info: images/charts/view_probs.png  used on input line 1316.

(pdftex.def)             Requested size: 217.42265pt x 122.31857pt.
<images/charts/view_auc.png, id=823, 455.45157pt x 255.95625pt>
File: images/charts/view_auc.png Graphic file (type png)
<use images/charts/view_auc.png>
Package pdftex.def Info: images/charts/view_auc.png  used on input line 1317.
(pdftex.def)             Requested size: 217.42265pt x 122.18974pt.
<images/view1_cropped.png, id=824, 574.39594pt x 574.39594pt>
File: images/view1_cropped.png Graphic file (type png)
<use images/view1_cropped.png>
Package pdftex.def Info: images/view1_cropped.png  used on input line 1318.
(pdftex.def)             Requested size: 217.42265pt x 217.42255pt.
<images/view2_cropped.png, id=825, 569.12625pt x 572.1375pt>
File: images/view2_cropped.png Graphic file (type png)
<use images/view2_cropped.png>
Package pdftex.def Info: images/view2_cropped.png  used on input line 1319.
(pdftex.def)             Requested size: 217.42265pt x 218.5756pt.

Underfull \hbox (badness 10000) in paragraph at lines 1327--1331

 []

[50


 <./images/charts/view_basic.png (PNG copy)> <./images/charts/view_detailed.png
 (PNG copy)> <./images/charts/view_probs.png (PNG copy)> <./images/charts/view_
auc.png (PNG copy)> <./images/view1_cropped.png> <./images/view2_cropped.png>]
Underfull \hbox (badness 10000) in paragraph at lines 1332--1336

 []


Underfull \hbox (badness 10000) in paragraph at lines 1362--1367

 []

[51]
Underfull \hbox (badness 10000) in paragraph at lines 1387--1388

 []

[52]
Chapter 5.

Underfull \hbox (badness 10000) in paragraph at lines 1414--1426

 []

<images/preds/atelectasis.png, id=845, 317.185pt x 315.1775pt>
File: images/preds/atelectasis.png Graphic file (type png)
<use images/preds/atelectasis.png>
Package pdftex.def Info: images/preds/atelectasis.png  used on input line 1528.

(pdftex.def)             Requested size: 135.89174pt x 135.03314pt.
<images/preds/atelectasis_cam.png, id=846, 318.18875pt x 314.17375pt>
File: images/preds/atelectasis_cam.png Graphic file (type png)
<use images/preds/atelectasis_cam.png>
Package pdftex.def Info: images/preds/atelectasis_cam.png  used on input line 1
529.
(pdftex.def)             Requested size: 135.89174pt x 134.17644pt.
<images/preds/atelectasis_probs.png, id=847, 460.72125pt x 404.51125pt>
File: images/preds/atelectasis_probs.png Graphic file (type png)
<use images/preds/atelectasis_probs.png>
Package pdftex.def Info: images/preds/atelectasis_probs.png  used on input line
 1530.
(pdftex.def)             Requested size: 135.89174pt x 119.31126pt.
<images/preds/cardiomegaly.png, id=848, 316.18124pt x 314.17375pt>
File: images/preds/cardiomegaly.png Graphic file (type png)
<use images/preds/cardiomegaly.png>
Package pdftex.def Info: images/preds/cardiomegaly.png  used on input line 1541
.
(pdftex.def)             Requested size: 135.89174pt x 135.02975pt.
<images/preds/cardiomegaly_cam.png, id=849, 312.16624pt x 315.1775pt>
File: images/preds/cardiomegaly_cam.png Graphic file (type png)
<use images/preds/cardiomegaly_cam.png>
Package pdftex.def Info: images/preds/cardiomegaly_cam.png  used on input line 
1542.
(pdftex.def)             Requested size: 135.89174pt x 137.20209pt.
<images/preds/cardiomegaly_probs.png, id=850, 458.71375pt x 400.49625pt>
File: images/preds/cardiomegaly_probs.png Graphic file (type png)
<use images/preds/cardiomegaly_probs.png>
Package pdftex.def Info: images/preds/cardiomegaly_probs.png  used on input lin
e 1543.
(pdftex.def)             Requested size: 135.89174pt x 118.64647pt.
[53

] [54] [55]
<images/preds/effusion.png, id=866, 317.185pt x 317.185pt>
File: images/preds/effusion.png Graphic file (type png)
<use images/preds/effusion.png>
Package pdftex.def Info: images/preds/effusion.png  used on input line 1555.
(pdftex.def)             Requested size: 135.89174pt x 135.89322pt.
<images/preds/effusion_cam.png, id=867, 317.185pt x 316.18124pt>
File: images/preds/effusion_cam.png Graphic file (type png)
<use images/preds/effusion_cam.png>
Package pdftex.def Info: images/preds/effusion_cam.png  used on input line 1556
.
(pdftex.def)             Requested size: 135.89174pt x 135.46318pt.
<images/preds/effusion_probs.png, id=868, 454.69875pt x 406.51875pt>
File: images/preds/effusion_probs.png Graphic file (type png)
<use images/preds/effusion_probs.png>
Package pdftex.def Info: images/preds/effusion_probs.png  used on input line 15
57.
(pdftex.def)             Requested size: 135.89174pt x 121.49133pt.
<images/preds/infiltration.png, id=869, 317.185pt x 315.1775pt>
File: images/preds/infiltration.png Graphic file (type png)
<use images/preds/infiltration.png>
Package pdftex.def Info: images/preds/infiltration.png  used on input line 1569
.
(pdftex.def)             Requested size: 135.89174pt x 135.03314pt.
<images/preds/infiltration_cam.png, id=870, 315.1775pt x 312.16624pt>
File: images/preds/infiltration_cam.png Graphic file (type png)
<use images/preds/infiltration_cam.png>
Package pdftex.def Info: images/preds/infiltration_cam.png  used on input line 
1570.
(pdftex.def)             Requested size: 135.89174pt x 134.59087pt.
<images/preds/infiltration_probs.png, id=871, 462.72874pt x 401.5pt>
File: images/preds/infiltration_probs.png Graphic file (type png)
<use images/preds/infiltration_probs.png>
Package pdftex.def Info: images/preds/infiltration_probs.png  used on input lin
e 1571.
(pdftex.def)             Requested size: 135.89174pt x 117.90846pt.
 [56 <./images/preds/atelectasis.png> <./images/preds/atelectasis_cam.png> <./i
mages/preds/atelectasis_probs.png> <./images/preds/cardiomegaly.png> <./images/
preds/cardiomegaly_cam.png> <./images/preds/cardiomegaly_probs.png> <./images/p
reds/effusion.png> <./images/preds/effusion_cam.png> <./images/preds/effusion_p
robs.png>]
<images/preds/mass.png, id=876, 316.18124pt x 316.18124pt>
File: images/preds/mass.png Graphic file (type png)
<use images/preds/mass.png>
Package pdftex.def Info: images/preds/mass.png  used on input line 1583.
(pdftex.def)             Requested size: 135.89174pt x 135.89256pt.
<images/preds/mass_cam.png, id=877, 315.1775pt x 313.17pt>
File: images/preds/mass_cam.png Graphic file (type png)
<use images/preds/mass_cam.png>
Package pdftex.def Info: images/preds/mass_cam.png  used on input line 1584.
(pdftex.def)             Requested size: 135.89174pt x 135.02364pt.
<images/preds/mass_probs.png, id=878, 456.70625pt x 397.485pt>
File: images/preds/mass_probs.png Graphic file (type png)
<use images/preds/mass_probs.png>
Package pdftex.def Info: images/preds/mass_probs.png  used on input line 1585.
(pdftex.def)             Requested size: 135.89174pt x 118.26993pt.
<images/preds/nodule.png, id=879, 315.1775pt x 314.17375pt>
File: images/preds/nodule.png Graphic file (type png)
<use images/preds/nodule.png>
Package pdftex.def Info: images/preds/nodule.png  used on input line 1597.
(pdftex.def)             Requested size: 135.89174pt x 135.4564pt.
<images/preds/nodule_cam.png, id=880, 315.1775pt x 315.1775pt>
File: images/preds/nodule_cam.png Graphic file (type png)
<use images/preds/nodule_cam.png>
Package pdftex.def Info: images/preds/nodule_cam.png  used on input line 1598.
(pdftex.def)             Requested size: 135.89174pt x 135.88918pt.
<images/preds/nodule_probs.png, id=881, 459.7175pt x 399.4925pt>
File: images/preds/nodule_probs.png Graphic file (type png)
<use images/preds/nodule_probs.png>
Package pdftex.def Info: images/preds/nodule_probs.png  used on input line 1599
.
(pdftex.def)             Requested size: 135.89174pt x 118.08699pt.
<images/preds/pneumonia.png, id=882, 318.18875pt x 316.18124pt>
File: images/preds/pneumonia.png Graphic file (type png)
<use images/preds/pneumonia.png>
Package pdftex.def Info: images/preds/pneumonia.png  used on input line 1611.
(pdftex.def)             Requested size: 135.89174pt x 135.0338pt.
<images/preds/pneumonia_cam.png, id=883, 314.17375pt x 312.16624pt>
File: images/preds/pneumonia_cam.png Graphic file (type png)
<use images/preds/pneumonia_cam.png>
Package pdftex.def Info: images/preds/pneumonia_cam.png  used on input line 161
2.
(pdftex.def)             Requested size: 135.89174pt x 135.01956pt.
<images/preds/pneumonia_probs.png, id=884, 452.69125pt x 405.515pt>
File: images/preds/pneumonia_probs.png Graphic file (type png)
<use images/preds/pneumonia_probs.png>
Package pdftex.def Info: images/preds/pneumonia_probs.png  used on input line 1
613.
(pdftex.def)             Requested size: 135.89174pt x 121.72968pt.
 [57 <./images/preds/infiltration.png> <./images/preds/infiltration_cam.png> <.
/images/preds/infiltration_probs.png> <./images/preds/mass.png> <./images/preds
/mass_cam.png> <./images/preds/mass_probs.png> <./images/preds/nodule.png> <./i
mages/preds/nodule_cam.png> <./images/preds/nodule_probs.png>]
<images/preds/pneumothorax.png, id=889, 318.18875pt x 316.18124pt>
File: images/preds/pneumothorax.png Graphic file (type png)
<use images/preds/pneumothorax.png>
Package pdftex.def Info: images/preds/pneumothorax.png  used on input line 1625
.
(pdftex.def)             Requested size: 135.89174pt x 135.0338pt.
<images/preds/pneumothorax_cam.png, id=890, 318.18875pt x 316.18124pt>
File: images/preds/pneumothorax_cam.png Graphic file (type png)
<use images/preds/pneumothorax_cam.png>
Package pdftex.def Info: images/preds/pneumothorax_cam.png  used on input line 
1626.
(pdftex.def)             Requested size: 135.89174pt x 135.0338pt.
<images/preds/pneumothorax_probs.png, id=891, 454.69875pt x 403.5075pt>
File: images/preds/pneumothorax_probs.png Graphic file (type png)
<use images/preds/pneumothorax_probs.png>
Package pdftex.def Info: images/preds/pneumothorax_probs.png  used on input lin
e 1627.
(pdftex.def)             Requested size: 135.89174pt x 120.5914pt.
<images/preds/consolidation.png, id=892, 317.185pt x 314.17375pt>
File: images/preds/consolidation.png Graphic file (type png)
<use images/preds/consolidation.png>
Package pdftex.def Info: images/preds/consolidation.png  used on input line 163
9.
(pdftex.def)             Requested size: 135.89174pt x 134.60309pt.
<images/preds/consolidation_cam.png, id=893, 318.18875pt x 312.16624pt>
File: images/preds/consolidation_cam.png Graphic file (type png)
<use images/preds/consolidation_cam.png>
Package pdftex.def Info: images/preds/consolidation_cam.png  used on input line
 1640.
(pdftex.def)             Requested size: 135.89174pt x 133.31908pt.
<images/preds/consolidation_probs.png, id=894, 452.69125pt x 411.5375pt>
File: images/preds/consolidation_probs.png Graphic file (type png)
<use images/preds/consolidation_probs.png>
Package pdftex.def Info: images/preds/consolidation_probs.png  used on input li
ne 1641.
(pdftex.def)             Requested size: 135.89174pt x 123.53755pt.
<images/preds/edema.png, id=895, 317.185pt x 319.1925pt>
File: images/preds/edema.png Graphic file (type png)
<use images/preds/edema.png>
Package pdftex.def Info: images/preds/edema.png  used on input line 1653.
(pdftex.def)             Requested size: 135.89174pt x 136.7533pt.
<images/preds/edema_cam.png, id=896, 313.17pt x 314.17375pt>
File: images/preds/edema_cam.png Graphic file (type png)
<use images/preds/edema_cam.png>
Package pdftex.def Info: images/preds/edema_cam.png  used on input line 1654.
(pdftex.def)             Requested size: 135.89174pt x 136.3289pt.
<images/preds/edema_probs.png, id=897, 455.7025pt x 400.49625pt>
File: images/preds/edema_probs.png Graphic file (type png)
<use images/preds/edema_probs.png>
Package pdftex.def Info: images/preds/edema_probs.png  used on input line 1655.

(pdftex.def)             Requested size: 135.89174pt x 119.4287pt.
 [58 <./images/preds/pneumonia.png> <./images/preds/pneumonia_cam.png> <./image
s/preds/pneumonia_probs.png> <./images/preds/pneumothorax.png> <./images/preds/
pneumothorax_cam.png> <./images/preds/pneumothorax_probs.png> <./images/preds/c
onsolidation.png> <./images/preds/consolidation_cam.png> <./images/preds/Consol
idation_probs.png>]
<images/preds/emphysema.png, id=902, 318.18875pt x 316.18124pt>
File: images/preds/emphysema.png Graphic file (type png)
<use images/preds/emphysema.png>
Package pdftex.def Info: images/preds/emphysema.png  used on input line 1667.
(pdftex.def)             Requested size: 135.89174pt x 135.0338pt.
<images/preds/emphysema_cam.png, id=903, 317.185pt x 314.17375pt>
File: images/preds/emphysema_cam.png Graphic file (type png)
<use images/preds/emphysema_cam.png>
Package pdftex.def Info: images/preds/emphysema_cam.png  used on input line 166
8.
(pdftex.def)             Requested size: 135.89174pt x 134.60309pt.
<images/preds/emphysema_probs.png, id=904, 455.7025pt x 400.49625pt>
File: images/preds/emphysema_probs.png Graphic file (type png)
<use images/preds/emphysema_probs.png>
Package pdftex.def Info: images/preds/emphysema_probs.png  used on input line 1
669.
(pdftex.def)             Requested size: 135.89174pt x 119.4287pt.
<images/preds/fibrosis.png, id=905, 316.18124pt x 317.185pt>
File: images/preds/fibrosis.png Graphic file (type png)
<use images/preds/fibrosis.png>
Package pdftex.def Info: images/preds/fibrosis.png  used on input line 1681.
(pdftex.def)             Requested size: 135.89174pt x 136.32396pt.
<images/preds/fibrosis_cam.png, id=906, 315.1775pt x 316.18124pt>
File: images/preds/fibrosis_cam.png Graphic file (type png)
<use images/preds/fibrosis_cam.png>
Package pdftex.def Info: images/preds/fibrosis_cam.png  used on input line 1682
.
(pdftex.def)             Requested size: 135.89174pt x 136.32195pt.
<images/preds/fibrosis_probs.png, id=907, 455.7025pt x 399.4925pt>
File: images/preds/fibrosis_probs.png Graphic file (type png)
<use images/preds/fibrosis_probs.png>
Package pdftex.def Info: images/preds/fibrosis_probs.png  used on input line 16
83.
(pdftex.def)             Requested size: 135.89174pt x 119.12936pt.
<images/preds/PT.png, id=908, 317.185pt x 316.18124pt>
File: images/preds/PT.png Graphic file (type png)
<use images/preds/PT.png>
Package pdftex.def Info: images/preds/PT.png  used on input line 1695.
(pdftex.def)             Requested size: 135.89174pt x 135.46318pt.
<images/preds/PT_cam.png, id=909, 318.18875pt x 312.16624pt>
File: images/preds/PT_cam.png Graphic file (type png)
<use images/preds/PT_cam.png>
Package pdftex.def Info: images/preds/PT_cam.png  used on input line 1696.
(pdftex.def)             Requested size: 135.89174pt x 133.31908pt.
<images/preds/PT_probs.png, id=910, 462.72874pt x 403.5075pt>
File: images/preds/PT_probs.png Graphic file (type png)
<use images/preds/PT_probs.png>
Package pdftex.def Info: images/preds/PT_probs.png  used on input line 1697.
(pdftex.def)             Requested size: 135.89174pt x 118.49802pt.
 [59 <./images/preds/edema.png> <./images/preds/edema_cam.png> <./images/preds/
edema_probs.png> <./images/preds/emphysema.png> <./images/preds/emphysema_cam.p
ng> <./images/preds/emphysema_probs.png> <./images/preds/fibrosis.png> <./image
s/preds/fibrosis_cam.png> <./images/preds/fibrosis_probs.png>]
<images/preds/hernia.png, id=916, 315.1775pt x 310.15875pt>
File: images/preds/hernia.png Graphic file (type png)
<use images/preds/hernia.png>
Package pdftex.def Info: images/preds/hernia.png  used on input line 1710.
(pdftex.def)             Requested size: 135.89174pt x 133.72534pt.
<images/preds/hernia_cam.png, id=917, 315.1775pt x 313.17pt>
File: images/preds/hernia_cam.png Graphic file (type png)
<use images/preds/hernia_cam.png>
Package pdftex.def Info: images/preds/hernia_cam.png  used on input line 1711.
(pdftex.def)             Requested size: 135.89174pt x 135.02364pt.
<images/preds/hernia_probs.png, id=918, 459.7175pt x 401.5pt>
File: images/preds/hernia_probs.png Graphic file (type png)
<use images/preds/hernia_probs.png>
Package pdftex.def Info: images/preds/hernia_probs.png  used on input line 1712
.
(pdftex.def)             Requested size: 135.89174pt x 118.68039pt.
<images/preds/no_finding.png, id=919, 320.19624pt x 314.17375pt>
File: images/preds/no_finding.png Graphic file (type png)
<use images/preds/no_finding.png>
Package pdftex.def Info: images/preds/no_finding.png  used on input line 1724.
(pdftex.def)             Requested size: 135.89174pt x 133.33751pt.
<images/preds/no_finding_cam.png, id=920, 320.19624pt x 316.18124pt>
File: images/preds/no_finding_cam.png Graphic file (type png)
<use images/preds/no_finding_cam.png>
Package pdftex.def Info: images/preds/no_finding_cam.png  used on input line 17
25.
(pdftex.def)             Requested size: 135.89174pt x 134.1895pt.
<images/preds/no_finding_probs.png, id=921, 458.71375pt x 405.515pt>
File: images/preds/no_finding_probs.png Graphic file (type png)
<use images/preds/no_finding_probs.png>
Package pdftex.def Info: images/preds/no_finding_probs.png  used on input line 
1726.
(pdftex.def)             Requested size: 135.89174pt x 120.13327pt.
<images/preds/TB.png, id=922, 319.1925pt x 333.245pt>
File: images/preds/TB.png Graphic file (type png)
<use images/preds/TB.png>
Package pdftex.def Info: images/preds/TB.png  used on input line 1738.
(pdftex.def)             Requested size: 203.83417pt x 212.80824pt.
<images/preds/TB_cam.png, id=923, 317.185pt x 333.245pt>
File: images/preds/TB_cam.png Graphic file (type png)
<use images/preds/TB_cam.png>
Package pdftex.def Info: images/preds/TB_cam.png  used on input line 1739.
(pdftex.def)             Requested size: 203.83417pt x 214.16083pt.
 [60 <./images/preds/PT.png> <./images/preds/PT_cam.png> <./images/preds/PT_pro
bs.png> <./images/preds/hernia.png> <./images/preds/hernia_cam.png> <./images/p
reds/hernia_probs.png> <./images/preds/no_finding.png> <./images/preds/no_findi
ng_cam.png> <./images/preds/no_finding_probs.png>]
<images/preds/TB2.png, id=928, 316.18124pt x 338.26375pt>
File: images/preds/TB2.png Graphic file (type png)
<use images/preds/TB2.png>
Package pdftex.def Info: images/preds/TB2.png  used on input line 1751.
(pdftex.def)             Requested size: 203.83417pt x 218.07262pt.
<images/preds/TB2_cam.png, id=929, 316.18124pt x 338.26375pt>
File: images/preds/TB2_cam.png Graphic file (type png)
<use images/preds/TB2_cam.png>
Package pdftex.def Info: images/preds/TB2_cam.png  used on input line 1752.
(pdftex.def)             Requested size: 203.83417pt x 218.07262pt.
 [61 <./images/preds/TB.png> <./images/preds/TB_cam.png> <./images/preds/TB2.pn
g> <./images/preds/TB2_cam.png>]
Chapter 6.

Underfull \hbox (badness 10000) in paragraph at lines 1763--1774

 []

[62

] [63

]

! Package inputenc Error: Unicode character  (U+0301)
(inputenc)                not set up for use with LaTeX.

See the inputenc package documentation for explanation.
Type  H <return>  for immediate help.
 ...                                              
                                                  
l.1794 \end
           {document}
You may provide a definition with
\DeclareUnicodeCharacter 

[64] [65] [66] [67]
Package atveryend Info: Empty hook `BeforeClearDocument' on input line 1794.
 [68]
Package atveryend Info: Empty hook `AfterLastShipout' on input line 1794.
 (./report.aux)
Package atveryend Info: Executing hook `AtVeryEndDocument' on input line 1794.
Package atveryend Info: Executing hook `AtEndAfterFileList' on input line 1794.

Package rerunfilecheck Info: File `report.out' has not changed.
(rerunfilecheck)             Checksum: 84614D4DE61466CA4F5417566E19B6B1;2772.


LaTeX Warning: There were multiply-defined labels.

Package logreq Info: Writing requests to 'report.run.xml'.
\openout1 = `report.run.xml'.

 ) 
Here is how much of TeX's memory you used:
 14687 strings out of 492623
 251873 string characters out of 6126717
 699622 words of memory out of 5000000
 18077 multiletter control sequences out of 15000+600000
 15167 words of font info for 58 fonts, out of 8000000 for 9000
 1141 hyphenation exceptions out of 8191
 41i,14n,46p,3541b,1329s stack positions out of 5000i,500n,10000p,200000b,80000s
{/home/swaroop/pd/texlive/2019/texmf-dist/fonts/enc/dvips/cm-super/cm-super-t
s1.enc}</home/swaroop/pd/texlive/2019/texmf-dist/fonts/type1/public/amsfonts/cm
/cmbx12.pfb></home/swaroop/pd/texlive/2019/texmf-dist/fonts/type1/public/amsfon
ts/cm/cmbxti10.pfb></home/swaroop/pd/texlive/2019/texmf-dist/fonts/type1/public
/amsfonts/cm/cmcsc10.pfb></home/swaroop/pd/texlive/2019/texmf-dist/fonts/type1/
public/amsfonts/cm/cmex10.pfb></home/swaroop/pd/texlive/2019/texmf-dist/fonts/t
ype1/public/amsfonts/cm/cmmi12.pfb></home/swaroop/pd/texlive/2019/texmf-dist/fo
nts/type1/public/amsfonts/cm/cmmi8.pfb></home/swaroop/pd/texlive/2019/texmf-dis
t/fonts/type1/public/amsfonts/cm/cmr10.pfb></home/swaroop/pd/texlive/2019/texmf
-dist/fonts/type1/public/amsfonts/cm/cmr12.pfb></home/swaroop/pd/texlive/2019/t
exmf-dist/fonts/type1/public/amsfonts/cm/cmr17.pfb></home/swaroop/pd/texlive/20
19/texmf-dist/fonts/type1/public/amsfonts/cm/cmr7.pfb></home/swaroop/pd/texlive
/2019/texmf-dist/fonts/type1/public/amsfonts/cm/cmr8.pfb></home/swaroop/pd/texl
ive/2019/texmf-dist/fonts/type1/public/amsfonts/cm/cmsy10.pfb></home/swaroop/pd
/texlive/2019/texmf-dist/fonts/type1/public/amsfonts/cm/cmsy8.pfb></home/swaroo
p/pd/texlive/2019/texmf-dist/fonts/type1/public/amsfonts/cm/cmti12.pfb></home/s
waroop/pd/texlive/2019/texmf-dist/fonts/type1/public/amsfonts/cm/cmtt12.pfb></h
ome/swaroop/pd/texlive/2019/texmf-dist/fonts/type1/public/amsfonts/symbols/msbm
10.pfb></home/swaroop/pd/texlive/2019/texmf-dist/fonts/type1/public/cm-super/sf
rm1200.pfb>
Output written on report.pdf (70 pages, 7879692 bytes).
PDF statistics:
 1182 PDF objects out of 1200 (max. 8388607)
 985 compressed objects within 10 object streams
 256 named destinations out of 1000 (max. 500000)
 768 words of extra memory for PDF output out of 10000 (max. 10000000)

