\BOOKMARK [0][-]{chapter.1}{Introduction}{}% 1
\BOOKMARK [1][-]{section.1.1}{Problem definition}{chapter.1}% 2
\BOOKMARK [2][-]{subsection.1.1.1}{Classification}{section.1.1}% 3
\BOOKMARK [2][-]{subsection.1.1.2}{Explainability}{section.1.1}% 4
\BOOKMARK [2][-]{subsection.1.1.3}{Generalizability}{section.1.1}% 5
\BOOKMARK [2][-]{subsection.1.1.4}{Fairness}{section.1.1}% 6
\BOOKMARK [1][-]{section.1.2}{Motivation}{chapter.1}% 7
\BOOKMARK [1][-]{section.1.3}{Previous work}{chapter.1}% 8
\BOOKMARK [1][-]{section.1.4}{Our work}{chapter.1}% 9
\BOOKMARK [1][-]{section.1.5}{Report layout}{chapter.1}% 10
\BOOKMARK [0][-]{chapter.2}{Literature survey}{}% 11
\BOOKMARK [1][-]{section.2.1}{CheXNet and CheXNext}{chapter.2}% 12
\BOOKMARK [1][-]{section.2.2}{Weakly supervised learning}{chapter.2}% 13
\BOOKMARK [1][-]{section.2.3}{Explainability}{chapter.2}% 14
\BOOKMARK [1][-]{section.2.4}{Fairness}{chapter.2}% 15
\BOOKMARK [1][-]{section.2.5}{Learning at multiple scales}{chapter.2}% 16
\BOOKMARK [1][-]{section.2.6}{Attention}{chapter.2}% 17
\BOOKMARK [1][-]{section.2.7}{Recurrent neural networls}{chapter.2}% 18
\BOOKMARK [1][-]{section.2.8}{Generalizability}{chapter.2}% 19
\BOOKMARK [1][-]{section.2.9}{Other methods}{chapter.2}% 20
\BOOKMARK [1][-]{section.2.10}{Tuberculosis}{chapter.2}% 21
\BOOKMARK [0][-]{chapter.3}{Data}{}% 22
\BOOKMARK [1][-]{section.3.1}{NIH CXR-14}{chapter.3}% 23
\BOOKMARK [2][-]{subsection.3.1.1}{Challenges and issues}{section.3.1}% 24
\BOOKMARK [1][-]{section.3.2}{Mendeley}{chapter.3}% 25
\BOOKMARK [1][-]{section.3.3}{Szhenzhen}{chapter.3}% 26
\BOOKMARK [1][-]{section.3.4}{Montgomery}{chapter.3}% 27
\BOOKMARK [0][-]{chapter.4}{Baselines}{}% 28
\BOOKMARK [1][-]{section.4.1}{Model architecture}{chapter.4}% 29
\BOOKMARK [1][-]{section.4.2}{Training procedure}{chapter.4}% 30
\BOOKMARK [1][-]{section.4.3}{Weakly supervised localization}{chapter.4}% 31
\BOOKMARK [2][-]{subsection.4.3.1}{Saliency map to bounding box}{section.4.3}% 32
\BOOKMARK [2][-]{subsection.4.3.2}{LIME as an alternative}{section.4.3}% 33
\BOOKMARK [0][-]{chapter.5}{Experiments}{}% 34
\BOOKMARK [1][-]{section.5.1}{Data augmentation}{chapter.5}% 35
\BOOKMARK [1][-]{section.5.2}{Test-time augmentation}{chapter.5}% 36
\BOOKMARK [1][-]{section.5.3}{Higher resolution}{chapter.5}% 37
\BOOKMARK [1][-]{section.5.4}{Progressive resizing}{chapter.5}% 38
\BOOKMARK [1][-]{section.5.5}{Ensembling for scale-invariance}{chapter.5}% 39
\BOOKMARK [1][-]{section.5.6}{Ensembling saliency maps}{chapter.5}% 40
\BOOKMARK [1][-]{section.5.7}{Mixup}{chapter.5}% 41
\BOOKMARK [1][-]{section.5.8}{Self-training}{chapter.5}% 42
\BOOKMARK [1][-]{section.5.9}{Transfer learning for tuberculosis}{chapter.5}% 43
\BOOKMARK [1][-]{section.5.10}{Generalizability}{chapter.5}% 44
\BOOKMARK [0][-]{chapter.6}{Results}{}% 45
\BOOKMARK [1][-]{section.6.1}{Comparison metrics}{chapter.6}% 46
\BOOKMARK [1][-]{section.6.2}{Comparison to previous work}{chapter.6}% 47
\BOOKMARK [1][-]{section.6.3}{Comparison to human radiologists}{chapter.6}% 48
\BOOKMARK [2][-]{subsection.6.3.1}{Caveats with comparison to human radiologists}{section.6.3}% 49
\BOOKMARK [1][-]{section.6.4}{Other important factors}{chapter.6}% 50
\BOOKMARK [1][-]{section.6.5}{Examples}{chapter.6}% 51
\BOOKMARK [0][-]{chapter.7}{Bias}{}% 52
\BOOKMARK [1][-]{section.7.1}{Gender}{chapter.7}% 53
\BOOKMARK [1][-]{section.7.2}{Age}{chapter.7}% 54
\BOOKMARK [1][-]{section.7.3}{View position}{chapter.7}% 55
\BOOKMARK [0][-]{chapter.8}{Conclusion}{}% 56
\BOOKMARK [0][-]{chapter.9}{Future work}{}% 57
\BOOKMARK [1][-]{section.9.1}{Limitations of proposed work}{chapter.9}% 58
\BOOKMARK [1][-]{section.9.2}{Avenues for further research}{chapter.9}% 59
\BOOKMARK [1][-]{section.9.3}{Practical implementation and clinical relevance}{chapter.9}% 60
\BOOKMARK [1][-]{section.9.4}{More recent datasets}{chapter.9}% 61
